build/app/intermediates/manifest_merge_blame_file/release/manifest-merger-blame-release-report.txt
1<?xml version="1.0" encoding="utf-8"?>
2<manifest xmlns:android="http://schemas.android.com/apk/res/android"
3    package="com.bydayjob.bydayjobafrica"
4    android:versionCode="2"
5    android:versionName="1.1.0" >
6
7    <uses-sdk
8        android:minSdkVersion="20"
8-->src/main/AndroidManifest.xml
9        android:targetSdkVersion="31" />
9-->src/main/AndroidManifest.xml
10
11    <uses-permission android:name="android.permission.INTERNET" />
11-->src/main/AndroidManifest.xml:4:5-67
11-->src/main/AndroidManifest.xml:4:22-64
12    <uses-permission android:name="android.permission.ACCESS_COARSE_LOCATION" />
12-->src/main/AndroidManifest.xml:6:5-81
12-->src/main/AndroidManifest.xml:6:22-78
13    <uses-permission android:name="android.permission.ACCESS_FINE_LOCATION" />
13-->src/main/AndroidManifest.xml:7:5-79
13-->src/main/AndroidManifest.xml:7:22-76
14    <uses-permission android:name="android.permission.FOREGROUND_SERVICE" />
14-->src/main/AndroidManifest.xml:8:5-77
14-->src/main/AndroidManifest.xml:8:22-74
15    <!-- Include required permissions for Google Maps API to run. -->
16    <uses-permission android:name="android.permission.ACCESS_NETWORK_STATE" />
16-->[com.google.android.gms:play-services-maps:18.1.0] AndroidManifest.xml:23:5-79
16-->[com.google.android.gms:play-services-maps:18.1.0] AndroidManifest.xml:23:22-76
17
18    <uses-feature
18-->[com.google.android.gms:play-services-maps:18.1.0] AndroidManifest.xml:26:5-28:35
19        android:glEsVersion="0x00020000"
19-->[com.google.android.gms:play-services-maps:18.1.0] AndroidManifest.xml:27:9-41
20        android:required="true" />
20-->[com.google.android.gms:play-services-maps:18.1.0] AndroidManifest.xml:28:9-32
21
22    <queries>
22-->[com.google.android.gms:play-services-maps:18.1.0] AndroidManifest.xml:30:5-34:15
23
24        <!-- Needs to be explicitly declared on Android R+ -->
25        <package android:name="com.google.android.apps.maps" />
25-->[com.google.android.gms:play-services-maps:18.1.0] AndroidManifest.xml:33:9-64
25-->[com.google.android.gms:play-services-maps:18.1.0] AndroidManifest.xml:33:18-61
26    </queries>
27
28    <permission
28-->[androidx.core:core:1.9.0] AndroidManifest.xml:22:5-24:47
29        android:name="com.bydayjob.bydayjobafrica.DYNAMIC_RECEIVER_NOT_EXPORTED_PERMISSION"
29-->[androidx.core:core:1.9.0] AndroidManifest.xml:23:9-81
30        android:protectionLevel="signature" />
30-->[androidx.core:core:1.9.0] AndroidManifest.xml:24:9-44
31
32    <uses-permission android:name="com.bydayjob.bydayjobafrica.DYNAMIC_RECEIVER_NOT_EXPORTED_PERMISSION" /> <!-- <uses-permission android:name="android.permission.ACCESS_BACKGROUND_LOCATION"/> -->
32-->[androidx.core:core:1.9.0] AndroidManifest.xml:26:5-97
32-->[androidx.core:core:1.9.0] AndroidManifest.xml:26:22-94
33    <!--
34 <uses-permission android:name="android.permission.ACCESS_BACKGROUND_LOCATION" 
35  tools:node="remove" />
36    -->
37    <application
38        android:name="android.app.Application"
38-->src/main/AndroidManifest.xml:15:9-42
39        android:appComponentFactory="androidx.core.app.CoreComponentFactory"
39-->[androidx.core:core:1.9.0] AndroidManifest.xml:28:18-86
40        android:icon="@mipmap/ic_launcher"
40-->src/main/AndroidManifest.xml:16:9-43
41        android:label="Byday Job Africa" >
41-->src/main/AndroidManifest.xml:14:9-41
42        <activity
42-->src/main/AndroidManifest.xml:17:9-37:20
43            android:name="com.bydayjob.bydayjobafrica.MainActivity"
43-->src/main/AndroidManifest.xml:18:13-41
44            android:configChanges="orientation|keyboardHidden|keyboard|screenSize|smallestScreenSize|locale|layoutDirection|fontScale|screenLayout|density|uiMode"
44-->src/main/AndroidManifest.xml:22:13-163
45            android:exported="true"
45-->src/main/AndroidManifest.xml:19:13-36
46            android:hardwareAccelerated="true"
46-->src/main/AndroidManifest.xml:23:13-47
47            android:launchMode="singleTop"
47-->src/main/AndroidManifest.xml:20:13-43
48            android:theme="@style/LaunchTheme"
48-->src/main/AndroidManifest.xml:21:13-47
49            android:windowSoftInputMode="adjustResize" >
49-->src/main/AndroidManifest.xml:24:13-55
50
51            <!--
52                 Specifies an Android theme to apply to this Activity as soon as
53                 the Android process has started. This theme is visible to the user
54                 while the Flutter UI initializes. After that, this theme continues
55                 to determine the Window background behind the Flutter UI.
56            -->
57            <meta-data
57-->src/main/AndroidManifest.xml:29:13-32:17
58                android:name="io.flutter.embedding.android.NormalTheme"
58-->src/main/AndroidManifest.xml:30:15-70
59                android:resource="@style/NormalTheme" />
59-->src/main/AndroidManifest.xml:31:15-52
60
61            <intent-filter>
61-->src/main/AndroidManifest.xml:33:13-36:29
62                <action android:name="android.intent.action.MAIN" />
62-->src/main/AndroidManifest.xml:34:17-68
62-->src/main/AndroidManifest.xml:34:25-66
63
64                <category android:name="android.intent.category.LAUNCHER" />
64-->src/main/AndroidManifest.xml:35:17-76
64-->src/main/AndroidManifest.xml:35:27-74
65            </intent-filter>
66        </activity>
67        <!--
68             Don't delete the meta-data below.
69             This is used by the Flutter tool to generate GeneratedPluginRegistrant.java
70        -->
71        <meta-data
71-->src/main/AndroidManifest.xml:40:9-42:33
72            android:name="flutterEmbedding"
72-->src/main/AndroidManifest.xml:41:13-44
73            android:value="2" />
73-->src/main/AndroidManifest.xml:42:13-30
74        <meta-data
74-->src/main/AndroidManifest.xml:44:9-45:73
75            android:name="com.google.android.geo.API_KEY"
75-->src/main/AndroidManifest.xml:44:20-65
76            android:value="AIzaSyAy9xR_ioh6A7CZdMDsSaVm0xkaBhTaMU8" />
76-->src/main/AndroidManifest.xml:45:16-71
77
78        <service
78-->[:geolocator_android] AndroidManifest.xml:12:9-16:56
79            android:name="com.baseflow.geolocator.GeolocatorLocationService"
79-->[:geolocator_android] AndroidManifest.xml:13:13-77
80            android:enabled="true"
80-->[:geolocator_android] AndroidManifest.xml:14:13-35
81            android:exported="false"
81-->[:geolocator_android] AndroidManifest.xml:15:13-37
82            android:foregroundServiceType="location" />
82-->[:geolocator_android] AndroidManifest.xml:16:13-53
83
84        <provider
84-->[:image_picker_android] AndroidManifest.xml:10:9-18:20
85            android:name="io.flutter.plugins.imagepicker.ImagePickerFileProvider"
85-->[:image_picker_android] AndroidManifest.xml:11:13-82
86            android:authorities="com.bydayjob.bydayjobafrica.flutter.image_provider"
86-->[:image_picker_android] AndroidManifest.xml:12:13-74
87            android:exported="false"
87-->[:image_picker_android] AndroidManifest.xml:13:13-37
88            android:grantUriPermissions="true" >
88-->[:image_picker_android] AndroidManifest.xml:14:13-47
89            <meta-data
89-->[:image_picker_android] AndroidManifest.xml:15:13-17:75
90                android:name="android.support.FILE_PROVIDER_PATHS"
90-->[:image_picker_android] AndroidManifest.xml:16:17-67
91                android:resource="@xml/flutter_image_picker_file_paths" />
91-->[:image_picker_android] AndroidManifest.xml:17:17-72
92        </provider>
93
94        <activity
94-->[:url_launcher_android] AndroidManifest.xml:10:9-13:74
95            android:name="io.flutter.plugins.urllauncher.WebViewActivity"
95-->[:url_launcher_android] AndroidManifest.xml:11:13-74
96            android:exported="false"
96-->[:url_launcher_android] AndroidManifest.xml:12:13-37
97            android:theme="@android:style/Theme.NoTitleBar.Fullscreen" />
97-->[:url_launcher_android] AndroidManifest.xml:13:13-71
98
99        <service
99-->[:location] AndroidManifest.xml:13:9-17:56
100            android:name="com.lyokone.location.FlutterLocationService"
100-->[:location] AndroidManifest.xml:14:13-71
101            android:enabled="true"
101-->[:location] AndroidManifest.xml:15:13-35
102            android:exported="false"
102-->[:location] AndroidManifest.xml:16:13-37
103            android:foregroundServiceType="location" /> <!-- Needs to be explicitly declared on P+ -->
103-->[:location] AndroidManifest.xml:17:13-53
104        <uses-library
104-->[com.google.android.gms:play-services-maps:18.1.0] AndroidManifest.xml:39:9-41:40
105            android:name="org.apache.http.legacy"
105-->[com.google.android.gms:play-services-maps:18.1.0] AndroidManifest.xml:40:13-50
106            android:required="false" />
106-->[com.google.android.gms:play-services-maps:18.1.0] AndroidManifest.xml:41:13-37
107
108        <activity
108-->[com.google.android.gms:play-services-base:18.1.0] AndroidManifest.xml:20:9-22:45
109            android:name="com.google.android.gms.common.api.GoogleApiActivity"
109-->[com.google.android.gms:play-services-base:18.1.0] AndroidManifest.xml:20:19-85
110            android:exported="false"
110-->[com.google.android.gms:play-services-base:18.1.0] AndroidManifest.xml:22:19-43
111            android:theme="@android:style/Theme.Translucent.NoTitleBar" />
111-->[com.google.android.gms:play-services-base:18.1.0] AndroidManifest.xml:21:19-78
112
113        <meta-data
113-->[com.google.android.gms:play-services-basement:18.1.0] AndroidManifest.xml:21:9-23:69
114            android:name="com.google.android.gms.version"
114-->[com.google.android.gms:play-services-basement:18.1.0] AndroidManifest.xml:22:13-58
115            android:value="@integer/google_play_services_version" />
115-->[com.google.android.gms:play-services-basement:18.1.0] AndroidManifest.xml:23:13-66
116
117        <uses-library
117-->[androidx.window:window:1.0.0-beta04] AndroidManifest.xml:25:9-27:40
118            android:name="androidx.window.extensions"
118-->[androidx.window:window:1.0.0-beta04] AndroidManifest.xml:26:13-54
119            android:required="false" />
119-->[androidx.window:window:1.0.0-beta04] AndroidManifest.xml:27:13-37
120        <uses-library
120-->[androidx.window:window:1.0.0-beta04] AndroidManifest.xml:28:9-30:40
121            android:name="androidx.window.sidecar"
121-->[androidx.window:window:1.0.0-beta04] AndroidManifest.xml:29:13-51
122            android:required="false" />
122-->[androidx.window:window:1.0.0-beta04] AndroidManifest.xml:30:13-37
123    </application>
124
125</manifest>